#
# There is insufficient memory for the Java Runtime Environment to continue.
# Native memory allocation (malloc) failed to allocate 1013952 bytes for Chunk::new
# Possible reasons:
#   The system is out of physical RAM or swap space
#   The process is running with CompressedOops enabled, and the Java Heap may be blocking the growth of the native heap
# Possible solutions:
#   Reduce memory load on the system
#   Increase physical memory or swap space
#   Check if swap backing store is full
#   Decrease Java heap size (-Xmx/-Xms)
#   Decrease number of Java threads
#   Decrease Java thread stack sizes (-Xss)
#   Set larger code cache with -XX:ReservedCodeCacheSize=
#   JVM is running with Unscaled Compressed Oops mode in which the Java heap is
#     placed in the first 4GB address space. The Java Heap base address is the
#     maximum limit for the native heap growth. Please use -XX:HeapBaseMinAddress
#     to set the Java Heap base and to place the Java Heap above 4GB virtual address.
# This output file may be truncated or incomplete.
#
#  Out of Memory Error (allocation.cpp:389), pid=1320, tid=0x0000000000002b64
#
# JRE version: OpenJDK Runtime Environment (8.0_242-b01) (build 1.8.0_242-release-1644-b01)
# Java VM: OpenJDK 64-Bit Server VM (25.242-b01 mixed mode windows-amd64 compressed oops)
# Failed to write core dump. Minidumps are not enabled by default on client versions of Windows
#

---------------  T H R E A D  ---------------

Current thread (0x00000000179b3000):  JavaThread "C2 CompilerThread1" daemon [_thread_in_native, id=11108, stack(0x00000000196d0000,0x00000000197d0000)]

Stack: [0x00000000196d0000,0x00000000197d0000]
[error occurred during error reporting (printing stack bounds), id 0xc0000005]

Native frames: (J=compiled Java code, j=interpreted, Vv=VM code, C=native code)


Current CompileTask:
C2:  20571 3808       4       org.objectweb.asm.tree.MethodNode::accept (874 bytes)


---------------  P R O C E S S  ---------------

Java Threads: ( => current thread )
  0x000000001a48b000 JavaThread "SDK 28 Main Thread" [_thread_in_native, id=7804, stack(0x000000001bae0000,0x000000001bbe0000)]
  0x0000000019fb5800 JavaThread "pool-1-thread-1" [_thread_blocked, id=9644, stack(0x000000001b7e0000,0x000000001b8e0000)]
  0x00000000191bd800 JavaThread "Service Thread" daemon [_thread_blocked, id=9592, stack(0x00000000198d0000,0x00000000199d0000)]
  0x000000001915d800 JavaThread "C1 CompilerThread2" daemon [_thread_blocked, id=7184, stack(0x00000000197d0000,0x00000000198d0000)]
=>0x00000000179b3000 JavaThread "C2 CompilerThread1" daemon [_thread_in_native, id=11108, stack(0x00000000196d0000,0x00000000197d0000)]
  0x00000000179ae000 JavaThread "C2 CompilerThread0" daemon [_thread_in_native, id=12800, stack(0x00000000195d0000,0x00000000196d0000)]
  0x00000000179ac800 JavaThread "Monitor Ctrl-Break" daemon [_thread_in_native, id=7816, stack(0x00000000194d0000,0x00000000195d0000)]
  0x0000000017982800 JavaThread "Attach Listener" daemon [_thread_blocked, id=12092, stack(0x0000000018fd0000,0x00000000190d0000)]
  0x0000000017981000 JavaThread "Signal Dispatcher" daemon [_thread_blocked, id=1036, stack(0x0000000018ed0000,0x0000000018fd0000)]
  0x0000000017960000 JavaThread "Finalizer" daemon [_thread_blocked, id=11636, stack(0x0000000018bd0000,0x0000000018cd0000)]
  0x000000000315c800 JavaThread "Reference Handler" daemon [_thread_blocked, id=12560, stack(0x0000000018ad0000,0x0000000018bd0000)]
  0x000000000306d000 JavaThread "main" [_thread_blocked, id=13904, stack(0x0000000002f60000,0x0000000003060000)]

Other Threads:
  0x0000000017936800 VMThread [stack: 0x00000000189d0000,0x0000000018ad0000] [id=10572]
  0x00000000191c0000 WatcherThread [stack: 0x00000000199d0000,0x0000000019ad0000] [id=3868]

VM state:not at safepoint (normal execution)

VM Mutex/Monitor currently owned by a thread: None

heap address: 0x0000000088a00000, size: 1910 MB, Compressed Oops mode: 32-bit
Narrow klass base: 0x0000000000000000, Narrow klass shift: 3
Compressed class space size: 1073741824 Address: 0x0000000100000000

Heap:
 PSYoungGen      total 93184K, used 42740K [0x00000000d8380000, 0x00000000de880000, 0x0000000100000000)
  eden space 82944K, 51% used [0x00000000d8380000,0x00000000dad3d118,0x00000000dd480000)
  from space 10240K, 0% used [0x00000000dd480000,0x00000000dd480000,0x00000000dde80000)
  to   space 9728K, 0% used [0x00000000ddf00000,0x00000000ddf00000,0x00000000de880000)
 ParOldGen       total 47616K, used 45984K [0x0000000088a00000, 0x000000008b880000, 0x00000000d8380000)
  object space 47616K, 96% used [0x0000000088a00000,0x000000008b6e83f0,0x000000008b880000)
 Metaspace       used 31750K, capacity 34574K, committed 34944K, reserved 1079296K
  class space    used 3447K, capacity 4357K, committed 4480K, reserved 1048576K

Card table byte_map: [0x0000000012620000,0x00000000129e0000] byte_map_base: 0x00000000121db000

Marking Bits: (ParMarkBitMap*) 0x000000006683f030
 Begin Bits: [0x0000000013060000, 0x0000000014e38000)
 End Bits:   [0x0000000014e38000, 0x0000000016c10000)

Polling page: 0x0000000001490000

CodeCache: size=245760Kb used=11952Kb max_used=11968Kb free=233807Kb
 bounds [0x0000000003260000, 0x0000000003e20000, 0x0000000012260000]
 total_blobs=4147 nmethods=3469 adapters=591
 compilation: enabled

Compilation events (10 events):
Event: 20.459 Thread 0x000000001915d800 3842       3       java.lang.Package::<init> (56 bytes)
Event: 20.460 Thread 0x000000001915d800 nmethod 3842 0x0000000003df4cd0 code [0x0000000003df4e20, 0x0000000003df5090]
Event: 20.484 Thread 0x000000001915d800 3843   !   3       org.robolectric.internal.bytecode.InstrumentingClassWriter::getCommonSuperClass (244 bytes)
Event: 20.485 Thread 0x000000001915d800 nmethod 3843 0x0000000003e0de90 code [0x0000000003e0e100, 0x0000000003e0eff8]
Event: 20.491 Thread 0x000000001915d800 3845       3       java.lang.invoke.LambdaForm$reinvoker/1005729551::dontInline (20 bytes)
Event: 20.491 Thread 0x000000001915d800 nmethod 3845 0x0000000003df4410 code [0x0000000003df45a0, 0x0000000003df4b98]
Event: 20.491 Thread 0x000000001915d800 3846       1       java.lang.ClassValue$ClassValueMap::getCache (5 bytes)
Event: 20.491 Thread 0x000000001915d800 nmethod 3846 0x0000000003e0dbd0 code [0x0000000003e0dd20, 0x0000000003e0de30]
Event: 20.504 Thread 0x00000000179ae000 nmethod 3812 0x0000000003e15310 code [0x0000000003e15560, 0x0000000003e16978]
Event: 20.504 Thread 0x00000000179ae000 3844   !   4       sun.net.www.ParseUtil::decode (316 bytes)

GC Heap History (10 events):
Event: 17.238 GC heap before
{Heap before GC invocations=14 (full 1):
 PSYoungGen      total 92672K, used 76934K [0x00000000d8380000, 0x00000000de880000, 0x0000000100000000)
  eden space 82944K, 90% used [0x00000000d8380000,0x00000000dcc89cc8,0x00000000dd480000)
  from space 9728K, 22% used [0x00000000ddf00000,0x00000000de117d38,0x00000000de880000)
  to   space 10240K, 0% used [0x00000000dd480000,0x00000000dd480000,0x00000000dde80000)
 ParOldGen       total 47616K, used 10203K [0x0000000088a00000, 0x000000008b880000, 0x00000000d8380000)
  object space 47616K, 21% used [0x0000000088a00000,0x00000000893f6f30,0x000000008b880000)
 Metaspace       used 25176K, capacity 26616K, committed 26880K, reserved 1073152K
  class space    used 2748K, capacity 3287K, committed 3328K, reserved 1048576K
Event: 17.247 GC heap after
Heap after GC invocations=14 (full 1):
 PSYoungGen      total 93184K, used 2799K [0x00000000d8380000, 0x00000000de880000, 0x0000000100000000)
  eden space 82944K, 0% used [0x00000000d8380000,0x00000000d8380000,0x00000000dd480000)
  from space 10240K, 27% used [0x00000000dd480000,0x00000000dd73bee8,0x00000000dde80000)
  to   space 9728K, 0% used [0x00000000ddf00000,0x00000000ddf00000,0x00000000de880000)
 ParOldGen       total 47616K, used 10827K [0x0000000088a00000, 0x000000008b880000, 0x00000000d8380000)
  object space 47616K, 22% used [0x0000000088a00000,0x0000000089492f30,0x000000008b880000)
 Metaspace       used 25176K, capacity 26616K, committed 26880K, reserved 1073152K
  class space    used 2748K, capacity 3287K, committed 3328K, reserved 1048576K
}
Event: 18.504 GC heap before
{Heap before GC invocations=15 (full 1):
 PSYoungGen      total 93184K, used 85743K [0x00000000d8380000, 0x00000000de880000, 0x0000000100000000)
  eden space 82944K, 100% used [0x00000000d8380000,0x00000000dd480000,0x00000000dd480000)
  from space 10240K, 27% used [0x00000000dd480000,0x00000000dd73bee8,0x00000000dde80000)
  to   space 9728K, 0% used [0x00000000ddf00000,0x00000000ddf00000,0x00000000de880000)
 ParOldGen       total 47616K, used 10827K [0x0000000088a00000, 0x000000008b880000, 0x00000000d8380000)
  object space 47616K, 22% used [0x0000000088a00000,0x0000000089492f30,0x000000008b880000)
 Metaspace       used 27205K, capacity 29762K, committed 29824K, reserved 1075200K
  class space    used 3133K, capacity 3959K, committed 3968K, reserved 1048576K
Event: 18.605 GC heap after
Heap after GC invocations=15 (full 1):
 PSYoungGen      total 93184K, used 85743K [0x00000000d8380000, 0x00000000de880000, 0x0000000100000000)
  eden space 82944K, 100% used [0x00000000d8380000,0x00000000dd480000,0x00000000dd480000)
  from space 10240K, 27% used [0x00000000dd480000,0x00000000dd73bee8,0x00000000dde80000)
  to   space 9728K, 45% used [0x00000000ddf00000,0x00000000de353560,0x00000000de880000)
 ParOldGen       total 47616K, used 40956K [0x0000000088a00000, 0x000000008b880000, 0x00000000d8380000)
  object space 47616K, 86% used [0x0000000088a00000,0x000000008b1ff3f0,0x000000008b880000)
 Metaspace       used 27205K, capacity 29762K, committed 29824K, reserved 1075200K
  class space    used 3133K, capacity 3959K, committed 3968K, reserved 1048576K
}
Event: 18.605 GC heap before
{Heap before GC invocations=16 (full 2):
 PSYoungGen      total 93184K, used 85743K [0x00000000d8380000, 0x00000000de880000, 0x0000000100000000)
  eden space 82944K, 100% used [0x00000000d8380000,0x00000000dd480000,0x00000000dd480000)
  from space 10240K, 27% used [0x00000000dd480000,0x00000000dd73bee8,0x00000000dde80000)
  to   space 9728K, 45% used [0x00000000ddf00000,0x00000000de353560,0x00000000de880000)
 ParOldGen       total 47616K, used 40956K [0x0000000088a00000, 0x000000008b880000, 0x00000000d8380000)
  object space 47616K, 86% used [0x0000000088a00000,0x000000008b1ff3f0,0x000000008b880000)
 Metaspace       used 27205K, capacity 29762K, committed 29824K, reserved 1075200K
  class space    used 3133K, capacity 3959K, committed 3968K, reserved 1048576K
Event: 18.703 GC heap after
Heap after GC invocations=16 (full 2):
 PSYoungGen      total 93184K, used 0K [0x00000000d8380000, 0x00000000de880000, 0x0000000100000000)
  eden space 82944K, 0% used [0x00000000d8380000,0x00000000d8380000,0x00000000dd480000)
  from space 10240K, 0% used [0x00000000dd480000,0x00000000dd480000,0x00000000dde80000)
  to   space 9728K, 0% used [0x00000000ddf00000,0x00000000ddf00000,0x00000000de880000)
 ParOldGen       total 47616K, used 45268K [0x0000000088a00000, 0x000000008b880000, 0x00000000d8380000)
  object space 47616K, 95% used [0x0000000088a00000,0x000000008b635268,0x000000008b880000)
 Metaspace       used 27205K, capacity 29762K, committed 29824K, reserved 1075200K
  class space    used 3133K, capacity 3959K, committed 3968K, reserved 1048576K
}
Event: 19.481 GC heap before
{Heap before GC invocations=17 (full 3):
 PSYoungGen      total 93184K, used 82944K [0x00000000d8380000, 0x00000000de880000, 0x0000000100000000)
  eden space 82944K, 100% used [0x00000000d8380000,0x00000000dd480000,0x00000000dd480000)
  from space 10240K, 0% used [0x00000000dd480000,0x00000000dd480000,0x00000000dde80000)
  to   space 9728K, 0% used [0x00000000ddf00000,0x00000000ddf00000,0x00000000de880000)
 ParOldGen       total 47616K, used 45268K [0x0000000088a00000, 0x000000008b880000, 0x00000000d8380000)
  object space 47616K, 95% used [0x0000000088a00000,0x000000008b635268,0x000000008b880000)
 Metaspace       used 29363K, capacity 32146K, committed 32384K, reserved 1077248K
  class space    used 3315K, capacity 4209K, committed 4224K, reserved 1048576K
Event: 19.697 GC heap after
Heap after GC invocations=17 (full 3):
 PSYoungGen      total 93184K, used 0K [0x00000000d8380000, 0x00000000de880000, 0x0000000100000000)
  eden space 82944K, 0% used [0x00000000d8380000,0x00000000d8380000,0x00000000dd480000)
  from space 10240K, 0% used [0x00000000dd480000,0x00000000dd480000,0x00000000dde80000)
  to   space 9728K, 0% used [0x00000000ddf00000,0x00000000ddf00000,0x00000000de880000)
 ParOldGen       total 47616K, used 45371K [0x0000000088a00000, 0x000000008b880000, 0x00000000d8380000)
  object space 47616K, 95% used [0x0000000088a00000,0x000000008b64eea0,0x000000008b880000)
 Metaspace       used 29363K, capacity 32146K, committed 32384K, reserved 1077248K
  class space    used 3315K, capacity 4209K, committed 4224K, reserved 1048576K
}
Event: 20.156 GC heap before
{Heap before GC invocations=18 (full 4):
 PSYoungGen      total 93184K, used 82944K [0x00000000d8380000, 0x00000000de880000, 0x0000000100000000)
  eden space 82944K, 100% used [0x00000000d8380000,0x00000000dd480000,0x00000000dd480000)
  from space 10240K, 0% used [0x00000000dd480000,0x00000000dd480000,0x00000000dde80000)
  to   space 9728K, 0% used [0x00000000ddf00000,0x00000000ddf00000,0x00000000de880000)
 ParOldGen       total 47616K, used 45371K [0x0000000088a00000, 0x000000008b880000, 0x00000000d8380000)
  object space 47616K, 95% used [0x0000000088a00000,0x000000008b64eea0,0x000000008b880000)
 Metaspace       used 30952K, capacity 33738K, committed 34048K, reserved 1079296K
  class space    used 3395K, capacity 4293K, committed 4352K, reserved 1048576K
Event: 20.233 GC heap after
Heap after GC invocations=18 (full 4):
 PSYoungGen      total 93184K, used 0K [0x00000000d8380000, 0x00000000de880000, 0x0000000100000000)
  eden space 82944K, 0% used [0x00000000d8380000,0x00000000d8380000,0x00000000dd480000)
  from space 10240K, 0% used [0x00000000dd480000,0x00000000dd480000,0x00000000dde80000)
  to   space 9728K, 0% used [0x00000000ddf00000,0x00000000ddf00000,0x00000000de880000)
 ParOldGen       total 47616K, used 45984K [0x0000000088a00000, 0x000000008b880000, 0x00000000d8380000)
  object space 47616K, 96% used [0x0000000088a00000,0x000000008b6e83f0,0x000000008b880000)
 Metaspace       used 30952K, capacity 33738K, committed 34048K, reserved 1079296K
  class space    used 3395K, capacity 4293K, committed 4352K, reserved 1048576K
}

Deoptimization events (10 events):
Event: 18.194 Thread 0x000000001a48b000 Uncommon trap: reason=null_check action=make_not_entrant pc=0x0000000003c57fa8 method=sun.invoke.util.VerifyType.isNullConversion(Ljava/lang/Class;Ljava/lang/Class;Z)Z @ 12
Event: 18.231 Thread 0x000000001a48b000 Uncommon trap: reason=null_check action=make_not_entrant pc=0x0000000003c60f40 method=sun.invoke.util.VerifyType.isNullConversion(Ljava/lang/Class;Ljava/lang/Class;Z)Z @ 22
Event: 18.380 Thread 0x000000001a48b000 Uncommon trap: reason=unstable_if action=reinterpret pc=0x00000000037d96f0 method=java.lang.invoke.LambdaForm$Name.replaceNames([Ljava/lang/invoke/LambdaForm$Name;[Ljava/lang/invoke/LambdaForm$Name;II)Ljava/lang/invoke/LambdaForm$Name; @ 3
Event: 18.772 Thread 0x000000001a48b000 Uncommon trap: reason=unstable_if action=reinterpret pc=0x0000000003bed400 method=java.util.concurrent.ConcurrentHashMap.get(Ljava/lang/Object;)Ljava/lang/Object; @ 86
Event: 19.363 Thread 0x000000001a48b000 Uncommon trap: reason=unstable_if action=reinterpret pc=0x0000000003b95ebc method=org.objectweb.asm.tree.MethodNode.accept(Lorg/objectweb/asm/MethodVisitor;)V @ 340
Event: 19.374 Thread 0x000000001a48b000 Uncommon trap: reason=unstable_if action=reinterpret pc=0x0000000003d23748 method=org.objectweb.asm.ClassReader.readConst(I[C)Ljava/lang/Object; @ 233
Event: 19.428 Thread 0x000000001a48b000 Uncommon trap: reason=unstable_if action=reinterpret pc=0x0000000003c95d64 method=org.robolectric.res.android.ResTable_config.match(Lorg/robolectric/res/android/ResTable_config;)Z @ 368
Event: 19.787 Thread 0x000000001a48b000 Uncommon trap: reason=unstable_if action=reinterpret pc=0x0000000003c1e33c method=org.objectweb.asm.SymbolTable.addUninitializedType(Ljava/lang/String;I)I @ 49
Event: 19.941 Thread 0x000000001a48b000 Uncommon trap: reason=unstable_if action=reinterpret pc=0x0000000003bfe38c method=org.objectweb.asm.MethodWriter.computeMethodInfoSize()I @ 505
Event: 19.942 Thread 0x000000001a48b000 Uncommon trap: reason=unstable_if action=reinterpret pc=0x0000000003b80a1c method=org.objectweb.asm.MethodWriter.putMethodInfo(Lorg/objectweb/asm/ByteVector;)V @ 180

Classes redefined (0 events):
No events

Internal exceptions (10 events):
Event: 17.537 Thread 0x000000001a48b000 Exception <a 'java/io/FileNotFoundException'> (0x00000000da1abcd8) thrown at [C:\src\AOSP-openjdk-git\hotspot\src\share\vm\prims\jni.cpp, line 710]
Event: 18.307 Thread 0x000000001a48b000 Exception <a 'java/lang/NoSuchFieldError': method resolution failed> (0x00000000dcc695d0) thrown at [C:\src\AOSP-openjdk-git\hotspot\src\share\vm\prims\methodHandles.cpp, line 1167]
Event: 18.434 Thread 0x000000001a48b000 Exception <a 'java/lang/NoSuchFieldError': method resolution failed> (0x00000000dd177050) thrown at [C:\src\AOSP-openjdk-git\hotspot\src\share\vm\prims\methodHandles.cpp, line 1167]
Event: 18.861 Thread 0x000000001a48b000 Exception <a 'java/util/zip/ZipException'> (0x00000000d961f220) thrown at [C:\src\AOSP-openjdk-git\hotspot\src\share\vm\prims\jni.cpp, line 710]
Event: 18.861 Thread 0x000000001a48b000 Exception <a 'java/security/PrivilegedActionException'> (0x00000000d961f7f8) thrown at [C:\src\AOSP-openjdk-git\hotspot\src\share\vm\prims\jvm.cpp, line 1502]
Event: 18.862 Thread 0x000000001a48b000 Exception <a 'java/security/PrivilegedActionException'> (0x00000000d961fbf0) thrown at [C:\src\AOSP-openjdk-git\hotspot\src\share\vm\prims\jvm.cpp, line 1502]
Event: 18.862 Thread 0x000000001a48b000 Exception <a 'java/security/PrivilegedActionException'> (0x00000000d9621540) thrown at [C:\src\AOSP-openjdk-git\hotspot\src\share\vm\prims\jvm.cpp, line 1502]
Event: 18.862 Thread 0x000000001a48b000 Exception <a 'java/security/PrivilegedActionException'> (0x00000000d9621938) thrown at [C:\src\AOSP-openjdk-git\hotspot\src\share\vm\prims\jvm.cpp, line 1502]
Event: 18.862 Thread 0x000000001a48b000 Exception <a 'java/security/PrivilegedActionException'> (0x00000000d9623198) thrown at [C:\src\AOSP-openjdk-git\hotspot\src\share\vm\prims\jvm.cpp, line 1502]
Event: 18.863 Thread 0x000000001a48b000 Exception <a 'java/security/PrivilegedActionException'> (0x00000000d9623590) thrown at [C:\src\AOSP-openjdk-git\hotspot\src\share\vm\prims\jvm.cpp, line 1502]

Events (10 events):
Event: 20.541 loading class android/media/midi/MidiManager
Event: 20.541 loading class android/media/midi/MidiManager done
Event: 20.543 loading class android/app/SystemServiceRegistry$79
Event: 20.543 loading class android/app/SystemServiceRegistry$79 done
Event: 20.545 loading class android/app/SystemServiceRegistry$79
Event: 20.545 loading class android/app/SystemServiceRegistry$79 done
Event: 20.545 loading class android/app/SystemServiceRegistry$79
Event: 20.545 loading class android/app/SystemServiceRegistry$79 done
Event: 20.545 loading class android/hardware/radio/RadioManager
Event: 20.545 loading class android/hardware/radio/RadioManager done


Dynamic libraries:
0x00007ff62ec80000 - 0x00007ff62ecb1000 	C:\Program Files\Android\Android Studio\jre\bin\java.exe
0x00007ffdbb210000 - 0x00007ffdbb406000 	C:\Windows\SYSTEM32\ntdll.dll
0x00007ffdb9280000 - 0x00007ffdb933d000 	C:\Windows\System32\KERNEL32.DLL
0x00007ffdb8f40000 - 0x00007ffdb9209000 	C:\Windows\System32\KERNELBASE.dll
0x00007ffdba9d0000 - 0x00007ffdbaa7c000 	C:\Windows\System32\ADVAPI32.dll
0x00007ffdb9bd0000 - 0x00007ffdb9c6e000 	C:\Windows\System32\msvcrt.dll
0x00007ffdba490000 - 0x00007ffdba52c000 	C:\Windows\System32\sechost.dll
0x00007ffdb9fd0000 - 0x00007ffdba0fb000 	C:\Windows\System32\RPCRT4.dll
0x00007ffdb9340000 - 0x00007ffdb94e0000 	C:\Windows\System32\USER32.dll
0x00007ffdb8950000 - 0x00007ffdb8972000 	C:\Windows\System32\win32u.dll
0x00007ffdba280000 - 0x00007ffdba2aa000 	C:\Windows\System32\GDI32.dll
0x00007ffdb8b70000 - 0x00007ffdb8c79000 	C:\Windows\System32\gdi32full.dll
0x00007ffdb89d0000 - 0x00007ffdb8a6d000 	C:\Windows\System32\msvcp_win.dll
0x00007ffdb8a70000 - 0x00007ffdb8b70000 	C:\Windows\System32\ucrtbase.dll
0x00007ffda54d0000 - 0x00007ffda576b000 	C:\Windows\WinSxS\amd64_microsoft.windows.common-controls_6595b64144ccf1df_6.0.19041.488_none_ca04af081b815d21\COMCTL32.dll
0x00007ffdba530000 - 0x00007ffdba560000 	C:\Windows\System32\IMM32.DLL
0x0000000067120000 - 0x00000000671f2000 	C:\Program Files\Android\Android Studio\jre\jre\bin\msvcr100.dll
0x0000000066070000 - 0x00000000668bb000 	C:\Program Files\Android\Android Studio\jre\jre\bin\server\jvm.dll
0x00007ffdba250000 - 0x00007ffdba258000 	C:\Windows\System32\PSAPI.DLL
0x00007ffdb4850000 - 0x00007ffdb4859000 	C:\Windows\SYSTEM32\WSOCK32.dll
0x00007ffdb9900000 - 0x00007ffdb996b000 	C:\Windows\System32\WS2_32.dll
0x00007ffdaebd0000 - 0x00007ffdaebf7000 	C:\Windows\SYSTEM32\WINMM.dll
0x00007ffdafb70000 - 0x00007ffdafb7a000 	C:\Windows\SYSTEM32\VERSION.dll
0x00007ffdb3ba0000 - 0x00007ffdb3baf000 	C:\Program Files\Android\Android Studio\jre\jre\bin\verify.dll
0x00007ffd89af0000 - 0x00007ffd89b19000 	C:\Program Files\Android\Android Studio\jre\jre\bin\java.dll
0x00007ffda9cd0000 - 0x00007ffda9cf3000 	C:\Program Files\Android\Android Studio\jre\jre\bin\instrument.dll
0x00007ffd95a10000 - 0x00007ffd95a26000 	C:\Program Files\Android\Android Studio\jre\jre\bin\zip.dll
0x00007ffdbaa80000 - 0x00007ffdbb1c2000 	C:\Windows\System32\SHELL32.dll
0x00007ffdb6aa0000 - 0x00007ffdb7235000 	C:\Windows\SYSTEM32\windows.storage.dll
0x00007ffdb9c70000 - 0x00007ffdb9fc6000 	C:\Windows\System32\combase.dll
0x00007ffdb83c0000 - 0x00007ffdb83ec000 	C:\Windows\SYSTEM32\Wldp.dll
0x00007ffdb9850000 - 0x00007ffdb98fe000 	C:\Windows\System32\SHCORE.dll
0x00007ffdb97f0000 - 0x00007ffdb9845000 	C:\Windows\System32\shlwapi.dll
0x00007ffdb8880000 - 0x00007ffdb88a6000 	C:\Windows\SYSTEM32\profapi.dll
0x00007ffdb07a0000 - 0x00007ffdb07ba000 	C:\Program Files\Android\Android Studio\bin\breakgen64.dll
0x00007ffd94320000 - 0x00007ffd9433a000 	C:\Program Files\Android\Android Studio\jre\jre\bin\net.dll
0x00007ffdb80d0000 - 0x00007ffdb813a000 	C:\Windows\system32\mswsock.dll
0x00007ffd92b80000 - 0x00007ffd92b93000 	C:\Program Files\Android\Android Studio\jre\jre\bin\nio.dll
0x00007ffdb82b0000 - 0x00007ffdb82c8000 	C:\Windows\SYSTEM32\CRYPTSP.dll
0x00007ffdb7a00000 - 0x00007ffdb7a34000 	C:\Windows\system32\rsaenh.dll
0x00007ffdb8d00000 - 0x00007ffdb8d27000 	C:\Windows\System32\bcrypt.dll
0x00007ffdb8840000 - 0x00007ffdb886e000 	C:\Windows\SYSTEM32\USERENV.dll
0x00007ffdb8c80000 - 0x00007ffdb8d00000 	C:\Windows\System32\bcryptprimitives.dll
0x00007ffdb82a0000 - 0x00007ffdb82ac000 	C:\Windows\SYSTEM32\CRYPTBASE.dll
0x00007ffdb7dc0000 - 0x00007ffdb7dfb000 	C:\Windows\SYSTEM32\IPHLPAPI.DLL
0x00007ffdb9270000 - 0x00007ffdb9278000 	C:\Windows\System32\NSI.dll
0x00007ffdafcd0000 - 0x00007ffdafce7000 	C:\Windows\SYSTEM32\dhcpcsvc6.DLL
0x00007ffdafda0000 - 0x00007ffdafdbd000 	C:\Windows\SYSTEM32\dhcpcsvc.DLL
0x00007ffdb7e00000 - 0x00007ffdb7ecb000 	C:\Windows\SYSTEM32\DNSAPI.dll
0x00007ffd84fb0000 - 0x00007ffd84fd4000 	C:\Program Files\Android\Android Studio\jre\jre\bin\sunec.dll
0x00007ffdb4820000 - 0x00007ffdb482b000 	C:\Program Files\Android\Android Studio\jre\jre\bin\sunmscapi.dll
0x00007ffdb8d30000 - 0x00007ffdb8e8d000 	C:\Windows\System32\CRYPT32.dll

VM Arguments:
jvm_args: -ea -Didea.test.cyclic.buffer.size=1048576 -javaagent:C:\Program Files\Android\Android Studio\lib\idea_rt.jar=59233:C:\Program Files\Android\Android Studio\bin -Dfile.encoding=UTF-8 
java_command: com.intellij.rt.junit.JUnitStarter -ideVersion5 -junit4 org.aplas.animaltour.TestB4MultimediaResources021
java_class_path (initial): C:\Program Files\Android\Android Studio\lib\idea_rt.jar;C:\Program Files\Android\Android Studio\plugins\junit\lib\junit5-rt.jar;C:\Program Files\Android\Android Studio\plugins\junit\lib\junit-rt.jar;C:\Users\ASUS\AppData\Local\Android\Sdk\platforms\android-28\data\res;C:\Users\ASUS\AndroidStudioProjects\AnimalTour\app\build\intermediates\javac\debugUnitTest\classes;C:\Users\ASUS\AndroidStudioProjects\AnimalTour\app\build\intermediates\javac\debug\classes;C:\Users\ASUS\AndroidStudioProjects\AnimalTour\app\build\intermediates\compile_and_runtime_not_namespaced_r_class_jar\debug\R.jar;C:\Users\ASUS\AndroidStudioProjects\AnimalTour\app\build\intermediates\unit_test_config_directory\debugUnitTest\out;C:\Users\ASUS\AndroidStudioProjects\AnimalTour\app\build\generated\res\resValues\debug;C:\Users\ASUS\AndroidStudioProjects\AnimalTour\app\libs\YouTubeAndroidPlayerApi.jar;C:\Users\ASUS\.gradle\caches\modules-2\files-2.1\androidx.constraintlayout\constraintlayout-solver\1.1.3\54abe9ffb22cc9019b0b6fcc10f185cc4e67b34e\constraintlayout-solver-1.1.3.jar;C:\Users\ASUS\.gradle\caches\modules-2\files-2.1\androidx.collection\collection\1.1.0\1f27220b47669781457de0d600849a5de0e89909\collection-1.1.0.jar;C:\Users\ASUS\.gradle\caches\modules-2\files-2.1\androidx.lifecycle\lifecycle-common\2.1.0\c67e7807d9cd6c329b9d0218b2ec4e505dd340b7\lifecycle-common-2.1.0.jar;C:\Users\ASUS\.gradle\caches\modules-2\files-2.1\androidx.arch.core\core-common\2.1.0\b3152fc64428c9354344bd89848ecddc09b6f07e\core-common-2.1.0.jar;C:\Users\ASUS\.gradle\caches\modules-2\files-2.1\androidx.annotation\annotation\1.1.0\e3a6fb2f40e3a3842e6b7472628ba4ce416ea4c8\annotation-1.1.0.jar;C:\Users\ASUS\.gradle\caches\transforms-2\files-2.1\213ad6fce5ea38e5799c707ff664b050\constraintlayout-1.1.3\jars\classes.jar;C:\Users\ASUS\.gradle\caches\transforms-2\files-2.1\213ad6fce5ea38e5799c707ff664b050\constraintlayout-1.1.3\res;C:\Users\ASUS\.gradle\caches\transforms-2\files-2.1\213ad6fce5ea38e5799c70
Launcher Type: SUN_STANDARD

Environment Variables:
CLASSPATH=C:\Program Files (x86)\Java\jdk1.8.0_271\lib
PATH=C:\Program Files (x86)\Common Files\Oracle\Java\javapath;"C:\Program Files (x86)\Common Files\Oracle\Java\javapath;C:\Program Files\Java\jdk1.8.0_111\bin";C:\Windows\system32;C:\Windows;C:\Windows\System32\Wbem;C:\Windows\System32\WindowsPowerShell\v1.0\;C:\Windows\System32\OpenSSH\;C:\Program Files\Microsoft SQL Server\Client SDK\ODBC\130\Tools\Binn\;C:\Program Files (x86)\Microsoft SQL Server\140\Tools\Binn\;C:\Program Files\Microsoft SQL Server\140\Tools\Binn\;C:\Program Files\Microsoft SQL Server\140\DTS\Binn\;C:\Program Files (x86)\Microsoft SQL Server\150\DTS\Binn\;C:\Program Files\Azure Data Studio\bin;C:\Program Files (x86)\Microsoft SQL Server\140\DTS\Binn\;C:\Program Files\Microsoft SQL Server\130\Tools\Binn\;C:\Program Files (x86)\Microsoft SQL Server\110\DTS\Binn\;C:\Program Files (x86)\Microsoft SQL Server\120\DTS\Binn\;C:\Program Files (x86)\Microsoft SQL Server\130\DTS\Binn\;C:\Program Files\Git\cmd;C:\Program Files\Java\jdk1.8.0_111\bin;C:\Program Files\Azure Data Studio\bin;C:\Users\ASUS\AppData\Local\Programs\Microsoft VS Code\bin
USERNAME=ASUS
OS=Windows_NT
PROCESSOR_IDENTIFIER=AMD64 Family 21 Model 101 Stepping 1, AuthenticAMD



---------------  S Y S T E M  ---------------

OS: Windows 10.0 , 64 bit Build 19041 (10.0.19041.662)

CPU:total 4 (initial active 4) (4 cores per cpu, 1 threads per core) family 21 model 101 stepping 1, cmov, cx8, fxsr, mmx, sse, sse2, sse3, ssse3, sse4.1, sse4.2, popcnt, avx, avx2, aes, clmul, mmxext, 3dnowpref, lzcnt, sse4a, tsc, tscinvbit, tscinv, bmi1

Memory: 4k page, physical 7815640k(529548k free), swap 9710040k(5408k free)

vm_info: OpenJDK 64-Bit Server VM (25.242-b01) for windows-amd64 JRE (1.8.0_242-release-1644-b01), built by "builder" with MS VC++ 10.0 (VS2010)

time: Tue Dec 15 18:02:13 2020
timezone: SE Asia Standard Time
elapsed time: 20 seconds (0d 0h 0m 20s)

