#
# There is insufficient memory for the Java Runtime Environment to continue.
# Native memory allocation (malloc) failed to allocate 1048576 bytes for AllocateHeap
# Possible reasons:
#   The system is out of physical RAM or swap space
#   The process is running with CompressedOops enabled, and the Java Heap may be blocking the growth of the native heap
# Possible solutions:
#   Reduce memory load on the system
#   Increase physical memory or swap space
#   Check if swap backing store is full
#   Decrease Java heap size (-Xmx/-Xms)
#   Decrease number of Java threads
#   Decrease Java thread stack sizes (-Xss)
#   Set larger code cache with -XX:ReservedCodeCacheSize=
#   JVM is running with Unscaled Compressed Oops mode in which the Java heap is
#     placed in the first 4GB address space. The Java Heap base address is the
#     maximum limit for the native heap growth. Please use -XX:HeapBaseMinAddress
#     to set the Java Heap base and to place the Java Heap above 4GB virtual address.
# This output file may be truncated or incomplete.
#
#  Out of Memory Error (memory/allocation.inline.hpp:61), pid=2476, tid=0x0000000000002c20
#
# JRE version:  (8.0_242-b01) (build )
# Java VM: OpenJDK 64-Bit Server VM (25.242-b01 mixed mode windows-amd64 compressed oops)
# Failed to write core dump. Minidumps are not enabled by default on client versions of Windows
#

---------------  T H R E A D  ---------------

Current thread (0x000000000299d000):  JavaThread "Unknown thread" [_thread_in_vm, id=11296, stack(0x0000000002830000,0x0000000002930000)]

Stack: [0x0000000002830000,0x0000000002930000]
[error occurred during error reporting (printing stack bounds), id 0xc0000005]

Native frames: (J=compiled Java code, j=interpreted, Vv=VM code, C=native code)


---------------  P R O C E S S  ---------------

Java Threads: ( => current thread )

Other Threads:

=>0x000000000299d000 (exited) JavaThread "Unknown thread" [_thread_in_vm, id=11296, stack(0x0000000002830000,0x0000000002930000)]

VM state:not at safepoint (normal execution)

VM Mutex/Monitor currently owned by a thread: None

heap address: 0x0000000088a00000, size: 1910 MB, Compressed Oops mode: 32-bit
Narrow klass base: 0x0000000000000000, Narrow klass shift: 3
Compressed class space size: 1073741824 Address: 0x0000000100000000

Heap:
 PSYoungGen      total 35840K, used 614K [0x00000000d8380000, 0x00000000dab80000, 0x0000000100000000)
  eden space 30720K, 2% used [0x00000000d8380000,0x00000000d84199a8,0x00000000da180000)
  from space 5120K, 0% used [0x00000000da680000,0x00000000da680000,0x00000000dab80000)
  to   space 5120K, 0% used [0x00000000da180000,0x00000000da180000,0x00000000da680000)
 ParOldGen       total 81920K, used 0K [0x0000000088a00000, 0x000000008da00000, 0x00000000d8380000)
  object space 81920K, 0% used [0x0000000088a00000,0x0000000088a00000,0x000000008da00000)
 Metaspace       used 779K, capacity 4480K, committed 4480K, reserved 1056768K
  class space    used 74K, capacity 384K, committed 384K, reserved 1048576K

Card table byte_map: [0x0000000011f60000,0x0000000012320000] byte_map_base: 0x0000000011b1b000

Marking Bits: (ParMarkBitMap*) 0x000000006683f030
 Begin Bits: [0x00000000129a0000, 0x0000000014778000)
 End Bits:   [0x0000000014778000, 0x0000000016550000)

Polling page: 0x0000000000fd0000

CodeCache: size=245760Kb used=327Kb max_used=327Kb free=245432Kb
 bounds [0x0000000002ba0000, 0x0000000002e10000, 0x0000000011ba0000]
 total_blobs=56 nmethods=0 adapters=38
 compilation: enabled

Compilation events (0 events):
No events

GC Heap History (0 events):
No events

Deoptimization events (0 events):
No events

Classes redefined (0 events):
No events

Internal exceptions (0 events):
No events

Events (10 events):
Event: 0.339 loading class java/lang/Short
Event: 0.339 loading class java/lang/Short done
Event: 0.339 loading class java/lang/Integer
Event: 0.339 loading class java/lang/Integer done
Event: 0.339 loading class java/lang/Long
Event: 0.340 loading class java/lang/Long done
Event: 0.341 loading class java/lang/NullPointerException
Event: 0.341 loading class java/lang/NullPointerException done
Event: 0.342 loading class java/lang/ArithmeticException
Event: 0.342 loading class java/lang/ArithmeticException done


Dynamic libraries:
0x00007ff62ec80000 - 0x00007ff62ecb1000 	C:\Program Files\Android\Android Studio\jre\bin\java.exe
0x00007ffdbb210000 - 0x00007ffdbb406000 	C:\Windows\SYSTEM32\ntdll.dll
0x00007ffdb9280000 - 0x00007ffdb933d000 	C:\Windows\System32\KERNEL32.DLL
0x00007ffdb8f40000 - 0x00007ffdb9209000 	C:\Windows\System32\KERNELBASE.dll
0x00007ffdba9d0000 - 0x00007ffdbaa7c000 	C:\Windows\System32\ADVAPI32.dll
0x00007ffdb9bd0000 - 0x00007ffdb9c6e000 	C:\Windows\System32\msvcrt.dll
0x00007ffdba490000 - 0x00007ffdba52c000 	C:\Windows\System32\sechost.dll
0x00007ffdb9fd0000 - 0x00007ffdba0fb000 	C:\Windows\System32\RPCRT4.dll
0x00007ffdb9340000 - 0x00007ffdb94e0000 	C:\Windows\System32\USER32.dll
0x00007ffdb8950000 - 0x00007ffdb8972000 	C:\Windows\System32\win32u.dll
0x00007ffdba280000 - 0x00007ffdba2aa000 	C:\Windows\System32\GDI32.dll
0x00007ffdb8b70000 - 0x00007ffdb8c79000 	C:\Windows\System32\gdi32full.dll
0x00007ffdb89d0000 - 0x00007ffdb8a6d000 	C:\Windows\System32\msvcp_win.dll
0x00007ffdb8a70000 - 0x00007ffdb8b70000 	C:\Windows\System32\ucrtbase.dll
0x00007ffda54d0000 - 0x00007ffda576b000 	C:\Windows\WinSxS\amd64_microsoft.windows.common-controls_6595b64144ccf1df_6.0.19041.488_none_ca04af081b815d21\COMCTL32.dll
0x00007ffdba530000 - 0x00007ffdba560000 	C:\Windows\System32\IMM32.DLL
0x0000000067120000 - 0x00000000671f2000 	C:\Program Files\Android\Android Studio\jre\jre\bin\msvcr100.dll
0x0000000066070000 - 0x00000000668bb000 	C:\Program Files\Android\Android Studio\jre\jre\bin\server\jvm.dll
0x00007ffdba250000 - 0x00007ffdba258000 	C:\Windows\System32\PSAPI.DLL
0x00007ffdb4850000 - 0x00007ffdb4859000 	C:\Windows\SYSTEM32\WSOCK32.dll
0x00007ffdafb70000 - 0x00007ffdafb7a000 	C:\Windows\SYSTEM32\VERSION.dll
0x00007ffdaebd0000 - 0x00007ffdaebf7000 	C:\Windows\SYSTEM32\WINMM.dll
0x00007ffdb9900000 - 0x00007ffdb996b000 	C:\Windows\System32\WS2_32.dll
0x00007ffdb3ba0000 - 0x00007ffdb3baf000 	C:\Program Files\Android\Android Studio\jre\jre\bin\verify.dll
0x00007ffd89af0000 - 0x00007ffd89b19000 	C:\Program Files\Android\Android Studio\jre\jre\bin\java.dll
0x00007ffda9cd0000 - 0x00007ffda9cf3000 	C:\Program Files\Android\Android Studio\jre\jre\bin\instrument.dll
0x00007ffd95a10000 - 0x00007ffd95a26000 	C:\Program Files\Android\Android Studio\jre\jre\bin\zip.dll

VM Arguments:
jvm_args: -ea -Didea.test.cyclic.buffer.size=1048576 -javaagent:C:\Program Files\Android\Android Studio\lib\idea_rt.jar=59206:C:\Program Files\Android\Android Studio\bin -Dfile.encoding=UTF-8 
java_command: com.intellij.rt.junit.JUnitStarter -ideVersion5 org.aplas.animaltour.TestB4MultimediaResources011
java_class_path (initial): C:\Program Files\Android\Android Studio\lib\idea_rt.jar;C:\Program Files\Android\Android Studio\plugins\junit\lib\junit5-rt.jar;C:\Program Files\Android\Android Studio\plugins\junit\lib\junit-rt.jar;C:\Users\ASUS\AppData\Local\Android\Sdk\platforms\android-28\data\res;C:\Users\ASUS\AndroidStudioProjects\AnimalTour\app\build\intermediates\javac\debugUnitTest\classes;C:\Users\ASUS\AndroidStudioProjects\AnimalTour\app\build\intermediates\javac\debug\classes;C:\Users\ASUS\AndroidStudioProjects\AnimalTour\app\build\intermediates\compile_and_runtime_not_namespaced_r_class_jar\debug\R.jar;C:\Users\ASUS\AndroidStudioProjects\AnimalTour\app\build\intermediates\unit_test_config_directory\debugUnitTest\out;C:\Users\ASUS\AndroidStudioProjects\AnimalTour\app\build\generated\res\resValues\debug;C:\Users\ASUS\AndroidStudioProjects\AnimalTour\app\libs\YouTubeAndroidPlayerApi.jar;C:\Users\ASUS\.gradle\caches\modules-2\files-2.1\androidx.constraintlayout\constraintlayout-solver\1.1.3\54abe9ffb22cc9019b0b6fcc10f185cc4e67b34e\constraintlayout-solver-1.1.3.jar;C:\Users\ASUS\.gradle\caches\modules-2\files-2.1\androidx.collection\collection\1.1.0\1f27220b47669781457de0d600849a5de0e89909\collection-1.1.0.jar;C:\Users\ASUS\.gradle\caches\modules-2\files-2.1\androidx.lifecycle\lifecycle-common\2.1.0\c67e7807d9cd6c329b9d0218b2ec4e505dd340b7\lifecycle-common-2.1.0.jar;C:\Users\ASUS\.gradle\caches\modules-2\files-2.1\androidx.arch.core\core-common\2.1.0\b3152fc64428c9354344bd89848ecddc09b6f07e\core-common-2.1.0.jar;C:\Users\ASUS\.gradle\caches\modules-2\files-2.1\androidx.annotation\annotation\1.1.0\e3a6fb2f40e3a3842e6b7472628ba4ce416ea4c8\annotation-1.1.0.jar;C:\Users\ASUS\.gradle\caches\transforms-2\files-2.1\213ad6fce5ea38e5799c707ff664b050\constraintlayout-1.1.3\jars\classes.jar;C:\Users\ASUS\.gradle\caches\transforms-2\files-2.1\213ad6fce5ea38e5799c707ff664b050\constraintlayout-1.1.3\res;C:\Users\ASUS\.gradle\caches\transforms-2\files-2.1\213ad6fce5ea38e5799c70
Launcher Type: SUN_STANDARD

Environment Variables:
CLASSPATH=C:\Program Files (x86)\Java\jdk1.8.0_271\lib
PATH=C:\Program Files (x86)\Common Files\Oracle\Java\javapath;"C:\Program Files (x86)\Common Files\Oracle\Java\javapath;C:\Program Files\Java\jdk1.8.0_111\bin";C:\Windows\system32;C:\Windows;C:\Windows\System32\Wbem;C:\Windows\System32\WindowsPowerShell\v1.0\;C:\Windows\System32\OpenSSH\;C:\Program Files\Microsoft SQL Server\Client SDK\ODBC\130\Tools\Binn\;C:\Program Files (x86)\Microsoft SQL Server\140\Tools\Binn\;C:\Program Files\Microsoft SQL Server\140\Tools\Binn\;C:\Program Files\Microsoft SQL Server\140\DTS\Binn\;C:\Program Files (x86)\Microsoft SQL Server\150\DTS\Binn\;C:\Program Files\Azure Data Studio\bin;C:\Program Files (x86)\Microsoft SQL Server\140\DTS\Binn\;C:\Program Files\Microsoft SQL Server\130\Tools\Binn\;C:\Program Files (x86)\Microsoft SQL Server\110\DTS\Binn\;C:\Program Files (x86)\Microsoft SQL Server\120\DTS\Binn\;C:\Program Files (x86)\Microsoft SQL Server\130\DTS\Binn\;C:\Program Files\Git\cmd;C:\Program Files\Java\jdk1.8.0_111\bin;C:\Program Files\Azure Data Studio\bin;C:\Users\ASUS\AppData\Local\Programs\Microsoft VS Code\bin
USERNAME=ASUS
OS=Windows_NT
PROCESSOR_IDENTIFIER=AMD64 Family 21 Model 101 Stepping 1, AuthenticAMD



---------------  S Y S T E M  ---------------

OS: Windows 10.0 , 64 bit Build 19041 (10.0.19041.662)

CPU:total 4 (initial active 4) (4 cores per cpu, 1 threads per core) family 21 model 101 stepping 1, cmov, cx8, fxsr, mmx, sse, sse2, sse3, ssse3, sse4.1, sse4.2, popcnt, avx, avx2, aes, clmul, mmxext, 3dnowpref, lzcnt, sse4a, tsc, tscinvbit, tscinv, bmi1

Memory: 4k page, physical 7815640k(412616k free), swap 9710040k(6256k free)

vm_info: OpenJDK 64-Bit Server VM (25.242-b01) for windows-amd64 JRE (1.8.0_242-release-1644-b01), built by "builder" with MS VC++ 10.0 (VS2010)

time: Tue Dec 15 17:58:07 2020
timezone: SE Asia Standard Time
elapsed time: 0 seconds (0d 0h 0m 0s)

